<?xml version="1.0" encoding="UTF-8"?>
<testng-results ignored="0" total="1" passed="1" failed="0" skipped="0">
  <reporter-output>
  </reporter-output>
  <suite started-at="2021-10-06T07:21:31 IST" name="Default suite" finished-at="2021-10-06T07:21:32 IST" duration-ms="500">
    <groups>
    </groups>
    <test started-at="2021-10-06T07:21:31 IST" name="Default test" finished-at="2021-10-06T07:21:32 IST" duration-ms="500">
      <class name="excel.Read">
        <test-method signature="bok()[pri:0, instance:excel.Read@74455848]" started-at="2021-10-06T07:21:31 IST" name="bok" finished-at="2021-10-06T07:21:32 IST" duration-ms="446" status="PASS">
          <reporter-output>
          </reporter-output>
        </test-method> <!-- bok -->
      </class> <!-- excel.Read -->
    </test> <!-- Default test -->
  </suite> <!-- Default suite -->
</testng-results>
